Using pre-set license
Built from '2020.3/staging' branch; Version is '2020.3.0f1 (c7b5465681fb) revision 13088070'; Using compiler version '192528614'; Build Type 'Release'
OS: 'Windows 10 Home; OS build 19041.928; Version 2004; 64bit' Language: 'en' Physical Memory: 7986 MB
BatchMode: 1, IsHumanControllingUs: 0, StartBugReporterOnCrash: 0, Is64bit: 1, IsPro: 0

 COMMAND LINE ARGUMENTS:
C:\Program Files\Unity\Hub\Editor\2020.3.0f1\Editor\Unity.exe
-adb2
-batchMode
-noUpm
-name
AssetImportWorker0
-projectPath
C:/Users/home/OneDrive - Dalat International School/Desktop/Git Clone Projects/lab1/Extraterrestrial Interlopers
-logFile
Logs/AssetImportWorker0.log
-srvPort
63126
Successfully changed project path to: C:/Users/home/OneDrive - Dalat International School/Desktop/Git Clone Projects/lab1/Extraterrestrial Interlopers
C:/Users/home/OneDrive - Dalat International School/Desktop/Git Clone Projects/lab1/Extraterrestrial Interlopers
Using Asset Import Pipeline V2.
Refreshing native plugins compatible for Editor in 56.16 ms, found 0 plugins.
Preloading 0 native plugins for Editor in 0.00 ms.
Initialize engine version: 2020.3.0f1 (c7b5465681fb)
[Subsystems] Discovering subsystems at path C:/Program Files/Unity/Hub/Editor/2020.3.0f1/Editor/Data/Resources/UnitySubsystems
[Subsystems] Discovering subsystems at path C:/Users/home/OneDrive - Dalat International School/Desktop/Git Clone Projects/lab1/Extraterrestrial Interlopers/Assets
GfxDevice: creating device client; threaded=0
Direct3D:
    Version:  Direct3D 11.0 [level 11.1]
    Renderer: Intel(R) UHD Graphics 620 (ID=0x3ea0)
    Vendor:   
    VRAM:     3993 MB
    Driver:   25.20.100.6577
Initialize mono
Mono path[0] = 'C:/Program Files/Unity/Hub/Editor/2020.3.0f1/Editor/Data/Managed'
Mono path[1] = 'C:/Program Files/Unity/Hub/Editor/2020.3.0f1/Editor/Data/MonoBleedingEdge/lib/mono/unityjit'
Mono config path = 'C:/Program Files/Unity/Hub/Editor/2020.3.0f1/Editor/Data/MonoBleedingEdge/etc'
Using monoOptions --debugger-agent=transport=dt_socket,embedding=1,server=y,suspend=n,address=127.0.0.1:56744
Begin MonoManager ReloadAssembly
Registering precompiled unity dll's ...
Register platform support module: C:/Program Files/Unity/Hub/Editor/2020.3.0f1/Editor/Data/PlaybackEngines/WindowsStandaloneSupport/UnityEditor.WindowsStandalone.Extensions.dll
Registered in 0.003416 seconds.
Native extension for WindowsStandalone target not found
Refreshing native plugins compatible for Editor in 46.81 ms, found 0 plugins.
Preloading 0 native plugins for Editor in 0.00 ms.
Invoked RoslynAnalysisRunner static constructor.
RoslynAnalysisRunner will not be running.
RoslynAnalysisRunner has terminated.
Mono: successfully reloaded assembly
- Completed reload, in  1.989 seconds
Platform modules already initialized, skipping
Registering precompiled user dll's ...
Registered in 0.001045 seconds.
Begin MonoManager ReloadAssembly
Native extension for WindowsStandalone target not found
Refreshing native plugins compatible for Editor in 0.44 ms, found 0 plugins.
Preloading 0 native plugins for Editor in 0.00 ms.
Invoked RoslynAnalysisRunner static constructor.
RoslynAnalysisRunner will not be running.
RoslynAnalysisRunner has terminated.
Mono: successfully reloaded assembly
- Completed reload, in  1.715 seconds
Platform modules already initialized, skipping
========================================================================
Worker process is ready to serve import requests
Launched and connected shader compiler UnityShaderCompiler.exe after 0.09 seconds
Refreshing native plugins compatible for Editor in 0.39 ms, found 0 plugins.
Preloading 0 native plugins for Editor in 0.00 ms.
Unloading 1114 Unused Serialized files (Serialized files now loaded: 0)
System memory in use before: 57.4 MB.
System memory in use after: 57.4 MB.

Unloading 10 unused Assets to reduce memory usage. Loaded Objects now: 1556.
Total: 3.794300 ms (FindLiveObjects: 0.326300 ms CreateObjectMapping: 0.109900 ms MarkObjects: 3.225700 ms  DeleteObjects: 0.130200 ms)

========================================================================
Received Import Request.
  path: Assets/Ship.cs
  artifactKey: Guid(00e535072e3da434e9fa07ac5fe1fbc5) Importer(815301076,1909f56bfc062723c751e8b465ee728b)
Start importing Assets/Ship.cs using Guid(00e535072e3da434e9fa07ac5fe1fbc5) Importer(815301076,1909f56bfc062723c751e8b465ee728b)  -> (artifact id: '7759040115a06b037a9d498967b6722c') in 0.067247 seconds
  Import took 0.070708 seconds .

========================================================================
Received Prepare
Refreshing native plugins compatible for Editor in 0.90 ms, found 0 plugins.
Preloading 0 native plugins for Editor in 0.00 ms.
Unloading 3 Unused Serialized files (Serialized files now loaded: 0)
System memory in use before: 34.8 MB.
System memory in use after: 34.9 MB.

Unloading 3 unused Assets to reduce memory usage. Loaded Objects now: 1556.
Total: 3.172400 ms (FindLiveObjects: 0.202000 ms CreateObjectMapping: 0.053500 ms MarkObjects: 2.842800 ms  DeleteObjects: 0.070700 ms)

========================================================================
Received Import Request.
  Time since last request: 84.526432 seconds.
  path: Assets/Ship.cs
  artifactKey: Guid(00e535072e3da434e9fa07ac5fe1fbc5) Importer(815301076,1909f56bfc062723c751e8b465ee728b)
Start importing Assets/Ship.cs using Guid(00e535072e3da434e9fa07ac5fe1fbc5) Importer(815301076,1909f56bfc062723c751e8b465ee728b)  -> (artifact id: 'cd98228167bd3e9b8823e0f8314bd532') in 0.004346 seconds
  Import took 0.008458 seconds .

========================================================================
Received Prepare
Registering precompiled user dll's ...
Registered in 0.000984 seconds.
Begin MonoManager ReloadAssembly
Native extension for WindowsStandalone target not found
Refreshing native plugins compatible for Editor in 0.30 ms, found 0 plugins.
Preloading 0 native plugins for Editor in 0.00 ms.
Invoked RoslynAnalysisRunner static constructor.
RoslynAnalysisRunner will not be running.
RoslynAnalysisRunner has terminated.
Mono: successfully reloaded assembly
- Completed reload, in  1.132 seconds
Platform modules already initialized, skipping
Refreshing native plugins compatible for Editor in 0.28 ms, found 0 plugins.
Preloading 0 native plugins for Editor in 0.00 ms.
Unloading 1109 Unused Serialized files (Serialized files now loaded: 0)
System memory in use before: 57.3 MB.
System memory in use after: 57.4 MB.

Unloading 5 unused Assets to reduce memory usage. Loaded Objects now: 1559.
Total: 3.763600 ms (FindLiveObjects: 0.414100 ms CreateObjectMapping: 0.044700 ms MarkObjects: 3.235200 ms  DeleteObjects: 0.068300 ms)

========================================================================
Received Prepare
Registering precompiled user dll's ...
Registered in 0.000826 seconds.
Begin MonoManager ReloadAssembly
Native extension for WindowsStandalone target not found
Refreshing native plugins compatible for Editor in 0.25 ms, found 0 plugins.
Preloading 0 native plugins for Editor in 0.00 ms.
Invoked RoslynAnalysisRunner static constructor.
RoslynAnalysisRunner will not be running.
RoslynAnalysisRunner has terminated.
Mono: successfully reloaded assembly
- Completed reload, in  1.052 seconds
Platform modules already initialized, skipping
Refreshing native plugins compatible for Editor in 0.37 ms, found 0 plugins.
Preloading 0 native plugins for Editor in 0.00 ms.
Unloading 1109 Unused Serialized files (Serialized files now loaded: 0)
System memory in use before: 57.3 MB.
System memory in use after: 57.4 MB.

Unloading 5 unused Assets to reduce memory usage. Loaded Objects now: 1562.
Total: 3.059800 ms (FindLiveObjects: 0.320900 ms CreateObjectMapping: 0.132600 ms MarkObjects: 2.468000 ms  DeleteObjects: 0.135500 ms)

========================================================================
Received Import Request.
  Time since last request: 97.166607 seconds.
  path: Assets/Bullet.cs
  artifactKey: Guid(e18c2f328061ce54fa83909ce2f03d7e) Importer(815301076,1909f56bfc062723c751e8b465ee728b)
Start importing Assets/Bullet.cs using Guid(e18c2f328061ce54fa83909ce2f03d7e) Importer(815301076,1909f56bfc062723c751e8b465ee728b)  -> (artifact id: '6e0294b7ba2451c0667337e62dd4b0bc') in 0.019061 seconds
  Import took 0.023339 seconds .

========================================================================
Received Prepare
Registering precompiled user dll's ...
Registered in 0.001153 seconds.
Begin MonoManager ReloadAssembly
Native extension for WindowsStandalone target not found
Refreshing native plugins compatible for Editor in 0.33 ms, found 0 plugins.
Preloading 0 native plugins for Editor in 0.00 ms.
Invoked RoslynAnalysisRunner static constructor.
RoslynAnalysisRunner will not be running.
RoslynAnalysisRunner has terminated.
Mono: successfully reloaded assembly
- Completed reload, in  1.297 seconds
Platform modules already initialized, skipping
Refreshing native plugins compatible for Editor in 0.48 ms, found 0 plugins.
Preloading 0 native plugins for Editor in 0.00 ms.
Unloading 1110 Unused Serialized files (Serialized files now loaded: 0)
System memory in use before: 57.4 MB.
System memory in use after: 57.4 MB.

Unloading 5 unused Assets to reduce memory usage. Loaded Objects now: 1566.
Total: 2.420200 ms (FindLiveObjects: 0.182300 ms CreateObjectMapping: 0.053200 ms MarkObjects: 2.101100 ms  DeleteObjects: 0.082000 ms)

========================================================================
Received Import Request.
  Time since last request: 17.495594 seconds.
  path: Assets/Bullet.prefab
  artifactKey: Guid(dfb44c1dc57cbbc488f315e0d846ebe8) Importer(815301076,1909f56bfc062723c751e8b465ee728b)
Start importing Assets/Bullet.prefab using Guid(dfb44c1dc57cbbc488f315e0d846ebe8) Importer(815301076,1909f56bfc062723c751e8b465ee728b)  -> (artifact id: '27419b7581bd8a4725ad574df9dfd70d') in 0.235490 seconds
  Import took 0.239978 seconds .

========================================================================
Received Prepare
Registering precompiled user dll's ...
Registered in 0.000873 seconds.
Begin MonoManager ReloadAssembly
Native extension for WindowsStandalone target not found
Refreshing native plugins compatible for Editor in 0.50 ms, found 0 plugins.
Preloading 0 native plugins for Editor in 0.00 ms.
Invoked RoslynAnalysisRunner static constructor.
RoslynAnalysisRunner will not be running.
RoslynAnalysisRunner has terminated.
Mono: successfully reloaded assembly
- Completed reload, in  3.014 seconds
Platform modules already initialized, skipping
Refreshing native plugins compatible for Editor in 0.40 ms, found 0 plugins.
Preloading 0 native plugins for Editor in 0.00 ms.
Unloading 1110 Unused Serialized files (Serialized files now loaded: 0)
System memory in use before: 60.5 MB.
System memory in use after: 60.6 MB.

Unloading 5 unused Assets to reduce memory usage. Loaded Objects now: 1577.
Total: 3.605000 ms (FindLiveObjects: 0.323500 ms CreateObjectMapping: 0.097500 ms MarkObjects: 3.074900 ms  DeleteObjects: 0.106900 ms)

========================================================================
Received Prepare
Registering precompiled user dll's ...
Registered in 0.000909 seconds.
Begin MonoManager ReloadAssembly
Native extension for WindowsStandalone target not found
Refreshing native plugins compatible for Editor in 0.30 ms, found 0 plugins.
Preloading 0 native plugins for Editor in 0.00 ms.
Invoked RoslynAnalysisRunner static constructor.
RoslynAnalysisRunner will not be running.
RoslynAnalysisRunner has terminated.
Mono: successfully reloaded assembly
- Completed reload, in  1.152 seconds
Platform modules already initialized, skipping
Refreshing native plugins compatible for Editor in 0.26 ms, found 0 plugins.
Preloading 0 native plugins for Editor in 0.00 ms.
Unloading 1110 Unused Serialized files (Serialized files now loaded: 0)
System memory in use before: 60.6 MB.
System memory in use after: 60.6 MB.

Unloading 5 unused Assets to reduce memory usage. Loaded Objects now: 1580.
Total: 5.161800 ms (FindLiveObjects: 1.717300 ms CreateObjectMapping: 0.427000 ms MarkObjects: 2.873900 ms  DeleteObjects: 0.138000 ms)

========================================================================
Received Prepare
Registering precompiled user dll's ...
Registered in 0.001557 seconds.
Begin MonoManager ReloadAssembly
Native extension for WindowsStandalone target not found
Refreshing native plugins compatible for Editor in 0.60 ms, found 0 plugins.
Preloading 0 native plugins for Editor in 0.00 ms.
Invoked RoslynAnalysisRunner static constructor.
RoslynAnalysisRunner will not be running.
RoslynAnalysisRunner has terminated.
Mono: successfully reloaded assembly
- Completed reload, in  1.876 seconds
Platform modules already initialized, skipping
Refreshing native plugins compatible for Editor in 0.46 ms, found 0 plugins.
Preloading 0 native plugins for Editor in 0.00 ms.
Unloading 1110 Unused Serialized files (Serialized files now loaded: 0)
System memory in use before: 60.6 MB.
System memory in use after: 60.6 MB.

Unloading 5 unused Assets to reduce memory usage. Loaded Objects now: 1583.
Total: 3.585800 ms (FindLiveObjects: 0.253200 ms CreateObjectMapping: 0.073900 ms MarkObjects: 3.134200 ms  DeleteObjects: 0.122500 ms)

========================================================================
Received Import Request.
  Time since last request: 252.548782 seconds.
  path: Assets/Bullet.prefab
  artifactKey: Guid(dfb44c1dc57cbbc488f315e0d846ebe8) Importer(815301076,1909f56bfc062723c751e8b465ee728b)
Start importing Assets/Bullet.prefab using Guid(dfb44c1dc57cbbc488f315e0d846ebe8) Importer(815301076,1909f56bfc062723c751e8b465ee728b)  -> (artifact id: '6d1331e57f5c12b9c9168b3911eb5fc9') in 0.199911 seconds
  Import took 0.208184 seconds .

========================================================================
Received Import Request.
  Time since last request: 0.965293 seconds.
  path: Assets/Bullet.prefab
  artifactKey: Guid(dfb44c1dc57cbbc488f315e0d846ebe8) Importer(815301076,1909f56bfc062723c751e8b465ee728b)
Start importing Assets/Bullet.prefab using Guid(dfb44c1dc57cbbc488f315e0d846ebe8) Importer(815301076,1909f56bfc062723c751e8b465ee728b)  -> (artifact id: '01f868224d86ae8b009b5955c76c6958') in 0.053187 seconds
  Import took 0.058601 seconds .

========================================================================
Received Import Request.
  Time since last request: 4.509977 seconds.
  path: Assets/Bullet.prefab
  artifactKey: Guid(dfb44c1dc57cbbc488f315e0d846ebe8) Importer(815301076,1909f56bfc062723c751e8b465ee728b)
Start importing Assets/Bullet.prefab using Guid(dfb44c1dc57cbbc488f315e0d846ebe8) Importer(815301076,1909f56bfc062723c751e8b465ee728b)  -> (artifact id: 'e9e27f0d398c2b697b1510a0b6dcfc8a') in 0.030796 seconds
  Import took 0.037679 seconds .

========================================================================
Received Prepare
Registering precompiled user dll's ...
Registered in 0.001661 seconds.
Begin MonoManager ReloadAssembly
Native extension for WindowsStandalone target not found
Refreshing native plugins compatible for Editor in 0.29 ms, found 0 plugins.
Preloading 0 native plugins for Editor in 0.00 ms.
Invoked RoslynAnalysisRunner static constructor.
RoslynAnalysisRunner will not be running.
RoslynAnalysisRunner has terminated.
Mono: successfully reloaded assembly
- Completed reload, in  2.739 seconds
Platform modules already initialized, skipping
Refreshing native plugins compatible for Editor in 0.77 ms, found 0 plugins.
Preloading 0 native plugins for Editor in 0.00 ms.
Unloading 1110 Unused Serialized files (Serialized files now loaded: 0)
System memory in use before: 60.6 MB.
System memory in use after: 60.6 MB.

Unloading 5 unused Assets to reduce memory usage. Loaded Objects now: 1587.
Total: 4.446500 ms (FindLiveObjects: 0.390400 ms CreateObjectMapping: 0.132200 ms MarkObjects: 3.823000 ms  DeleteObjects: 0.099200 ms)

========================================================================
Received Import Request.
  Time since last request: 18.871750 seconds.
  path: Assets/Bullet.prefab
  artifactKey: Guid(dfb44c1dc57cbbc488f315e0d846ebe8) Importer(815301076,1909f56bfc062723c751e8b465ee728b)
Start importing Assets/Bullet.prefab using Guid(dfb44c1dc57cbbc488f315e0d846ebe8) Importer(815301076,1909f56bfc062723c751e8b465ee728b)  -> (artifact id: 'ce9b48ed69413480c79f1c4476585c1c') in 0.211370 seconds
  Import took 0.215794 seconds .

========================================================================
Received Import Request.
  Time since last request: 0.950343 seconds.
  path: Assets/Bullet.prefab
  artifactKey: Guid(dfb44c1dc57cbbc488f315e0d846ebe8) Importer(815301076,1909f56bfc062723c751e8b465ee728b)
Start importing Assets/Bullet.prefab using Guid(dfb44c1dc57cbbc488f315e0d846ebe8) Importer(815301076,1909f56bfc062723c751e8b465ee728b)  -> (artifact id: '3667d68ec926c1de2a8ffb1b1cecf7c7') in 0.041601 seconds
  Import took 0.047303 seconds .

========================================================================
Received Import Request.
  Time since last request: 6.492828 seconds.
  path: Assets/Bullet.prefab
  artifactKey: Guid(dfb44c1dc57cbbc488f315e0d846ebe8) Importer(815301076,1909f56bfc062723c751e8b465ee728b)
Start importing Assets/Bullet.prefab using Guid(dfb44c1dc57cbbc488f315e0d846ebe8) Importer(815301076,1909f56bfc062723c751e8b465ee728b)  -> (artifact id: '597d5dac0ac3fe5d04456df6b6b2171e') in 0.040874 seconds
  Import took 0.047284 seconds .

========================================================================
Received Import Request.
  Time since last request: 2.582143 seconds.
  path: Assets/Bullet.prefab
  artifactKey: Guid(dfb44c1dc57cbbc488f315e0d846ebe8) Importer(815301076,1909f56bfc062723c751e8b465ee728b)
Start importing Assets/Bullet.prefab using Guid(dfb44c1dc57cbbc488f315e0d846ebe8) Importer(815301076,1909f56bfc062723c751e8b465ee728b)  -> (artifact id: '7873eabbcdcdce9a1d8b20861475f8e6') in 0.040954 seconds
  Import took 0.044723 seconds .

========================================================================
Received Import Request.
  Time since last request: 2.081431 seconds.
  path: Assets/Bullet.prefab
  artifactKey: Guid(dfb44c1dc57cbbc488f315e0d846ebe8) Importer(815301076,1909f56bfc062723c751e8b465ee728b)
Start importing Assets/Bullet.prefab using Guid(dfb44c1dc57cbbc488f315e0d846ebe8) Importer(815301076,1909f56bfc062723c751e8b465ee728b)  -> (artifact id: '4d0e2c6eb9aa13a08ad494a79f74b26d') in 0.026701 seconds
  Import took 0.031207 seconds .

========================================================================
Received Prepare
Registering precompiled user dll's ...
Registered in 0.001484 seconds.
Begin MonoManager ReloadAssembly
Native extension for WindowsStandalone target not found
Refreshing native plugins compatible for Editor in 0.73 ms, found 0 plugins.
Preloading 0 native plugins for Editor in 0.00 ms.
Invoked RoslynAnalysisRunner static constructor.
RoslynAnalysisRunner will not be running.
RoslynAnalysisRunner has terminated.
Mono: successfully reloaded assembly
- Completed reload, in  2.798 seconds
Platform modules already initialized, skipping
Refreshing native plugins compatible for Editor in 0.38 ms, found 0 plugins.
Preloading 0 native plugins for Editor in 0.00 ms.
Unloading 1110 Unused Serialized files (Serialized files now loaded: 0)
System memory in use before: 60.6 MB.
System memory in use after: 60.7 MB.

Unloading 5 unused Assets to reduce memory usage. Loaded Objects now: 1591.
Total: 4.163700 ms (FindLiveObjects: 0.354700 ms CreateObjectMapping: 0.132400 ms MarkObjects: 3.537800 ms  DeleteObjects: 0.135400 ms)

========================================================================
Received Import Request.
  Time since last request: 42.953311 seconds.
  path: Assets/Bullet.prefab
  artifactKey: Guid(dfb44c1dc57cbbc488f315e0d846ebe8) Importer(815301076,1909f56bfc062723c751e8b465ee728b)
Start importing Assets/Bullet.prefab using Guid(dfb44c1dc57cbbc488f315e0d846ebe8) Importer(815301076,1909f56bfc062723c751e8b465ee728b)  -> (artifact id: 'a4bf19aa12dfadd64ca3a7be9ce63742') in 0.200804 seconds
  Import took 0.206558 seconds .

========================================================================
Received Import Request.
  Time since last request: 0.399209 seconds.
  path: Assets/Bullet.prefab
  artifactKey: Guid(dfb44c1dc57cbbc488f315e0d846ebe8) Importer(815301076,1909f56bfc062723c751e8b465ee728b)
Start importing Assets/Bullet.prefab using Guid(dfb44c1dc57cbbc488f315e0d846ebe8) Importer(815301076,1909f56bfc062723c751e8b465ee728b)  -> (artifact id: 'f68a8ce1f97ca4ee72bec7308b58461c') in 0.029497 seconds
  Import took 0.036092 seconds .

========================================================================
Received Import Request.
  Time since last request: 42.834784 seconds.
  path: ProjectSettings/TagManager.asset
  artifactKey: Guid(00000000000000003000000000000000) Importer(815301076,1909f56bfc062723c751e8b465ee728b)
Start importing ProjectSettings/TagManager.asset using Guid(00000000000000003000000000000000) Importer(815301076,1909f56bfc062723c751e8b465ee728b)  -> (artifact id: 'e58c32c74971579209c983feef23e212') in 0.015211 seconds
  Import took 0.018541 seconds .

========================================================================
Received Import Request.
  Time since last request: 0.001694 seconds.
  path: ProjectSettings/TagManager.asset
  artifactKey: Guid(00000000000000003000000000000000) Importer(815301076,1909f56bfc062723c751e8b465ee728b)
Start importing ProjectSettings/TagManager.asset using Guid(00000000000000003000000000000000) Importer(815301076,1909f56bfc062723c751e8b465ee728b)  -> (artifact id: 'e58c32c74971579209c983feef23e212') in 0.007263 seconds
  Import took 0.012351 seconds .

========================================================================
Received Prepare
Registering precompiled user dll's ...
Registered in 0.001258 seconds.
Begin MonoManager ReloadAssembly
Native extension for WindowsStandalone target not found
Refreshing native plugins compatible for Editor in 0.73 ms, found 0 plugins.
Preloading 0 native plugins for Editor in 0.00 ms.
Invoked RoslynAnalysisRunner static constructor.
RoslynAnalysisRunner will not be running.
RoslynAnalysisRunner has terminated.
Mono: successfully reloaded assembly
- Completed reload, in  2.881 seconds
Platform modules already initialized, skipping
Refreshing native plugins compatible for Editor in 0.71 ms, found 0 plugins.
Preloading 0 native plugins for Editor in 0.00 ms.
Unloading 1110 Unused Serialized files (Serialized files now loaded: 0)
System memory in use before: 60.6 MB.
System memory in use after: 60.7 MB.

Unloading 7 unused Assets to reduce memory usage. Loaded Objects now: 1595.
Total: 4.737300 ms (FindLiveObjects: 0.233100 ms CreateObjectMapping: 0.071200 ms MarkObjects: 4.282800 ms  DeleteObjects: 0.147800 ms)

========================================================================
Received Import Request.
  Time since last request: 13.614924 seconds.
  path: Assets/Bullet.prefab
  artifactKey: Guid(dfb44c1dc57cbbc488f315e0d846ebe8) Importer(815301076,1909f56bfc062723c751e8b465ee728b)
Start importing Assets/Bullet.prefab using Guid(dfb44c1dc57cbbc488f315e0d846ebe8) Importer(815301076,1909f56bfc062723c751e8b465ee728b)  -> (artifact id: 'c6f3a1b09565958eed605846bf637458') in 0.215949 seconds
  Import took 0.224083 seconds .

========================================================================
Received Import Request.
  Time since last request: 125.752589 seconds.
  path: Assets/Enemy.prefab
  artifactKey: Guid(73931b9e377064542974f098104651ff) Importer(815301076,1909f56bfc062723c751e8b465ee728b)
Start importing Assets/Enemy.prefab using Guid(73931b9e377064542974f098104651ff) Importer(815301076,1909f56bfc062723c751e8b465ee728b)  -> (artifact id: 'cbc29c02b4309779ae322782ab36392b') in 0.025444 seconds
  Import took 0.029033 seconds .

========================================================================
Received Import Request.
  Time since last request: 0.015454 seconds.
  path: Assets/Enemy.prefab
  artifactKey: Guid(73931b9e377064542974f098104651ff) Importer(815301076,1909f56bfc062723c751e8b465ee728b)
Start importing Assets/Enemy.prefab using Guid(73931b9e377064542974f098104651ff) Importer(815301076,1909f56bfc062723c751e8b465ee728b)  -> (artifact id: 'cbc29c02b4309779ae322782ab36392b') in 0.028787 seconds
  Import took 0.032129 seconds .

========================================================================
Received Prepare
Registering precompiled user dll's ...
Registered in 0.001812 seconds.
Begin MonoManager ReloadAssembly
Native extension for WindowsStandalone target not found
Refreshing native plugins compatible for Editor in 0.24 ms, found 0 plugins.
Preloading 0 native plugins for Editor in 0.00 ms.
Invoked RoslynAnalysisRunner static constructor.
RoslynAnalysisRunner will not be running.
RoslynAnalysisRunner has terminated.
Mono: successfully reloaded assembly
- Completed reload, in  1.923 seconds
Platform modules already initialized, skipping
Refreshing native plugins compatible for Editor in 0.28 ms, found 0 plugins.
Preloading 0 native plugins for Editor in 0.00 ms.
Unloading 1110 Unused Serialized files (Serialized files now loaded: 0)
System memory in use before: 60.7 MB.
System memory in use after: 60.7 MB.

Unloading 6 unused Assets to reduce memory usage. Loaded Objects now: 1599.
Total: 3.258300 ms (FindLiveObjects: 0.232600 ms CreateObjectMapping: 0.050200 ms MarkObjects: 2.879000 ms  DeleteObjects: 0.094700 ms)

========================================================================
Received Prepare
Registering precompiled user dll's ...
Registered in 0.001277 seconds.
Begin MonoManager ReloadAssembly
Native extension for WindowsStandalone target not found
Refreshing native plugins compatible for Editor in 0.24 ms, found 0 plugins.
Preloading 0 native plugins for Editor in 0.00 ms.
Invoked RoslynAnalysisRunner static constructor.
RoslynAnalysisRunner will not be running.
RoslynAnalysisRunner has terminated.
Mono: successfully reloaded assembly
- Completed reload, in  1.695 seconds
Platform modules already initialized, skipping
Refreshing native plugins compatible for Editor in 0.23 ms, found 0 plugins.
Preloading 0 native plugins for Editor in 0.00 ms.
Unloading 1110 Unused Serialized files (Serialized files now loaded: 0)
System memory in use before: 60.7 MB.
System memory in use after: 60.7 MB.

Unloading 5 unused Assets to reduce memory usage. Loaded Objects now: 1602.
Total: 3.517200 ms (FindLiveObjects: 0.163100 ms CreateObjectMapping: 0.042600 ms MarkObjects: 3.221300 ms  DeleteObjects: 0.088900 ms)

========================================================================
Received Prepare
Registering precompiled user dll's ...
Registered in 0.001130 seconds.
Begin MonoManager ReloadAssembly
Native extension for WindowsStandalone target not found
Refreshing native plugins compatible for Editor in 0.73 ms, found 0 plugins.
Preloading 0 native plugins for Editor in 0.00 ms.
Invoked RoslynAnalysisRunner static constructor.
RoslynAnalysisRunner will not be running.
RoslynAnalysisRunner has terminated.
Mono: successfully reloaded assembly
- Completed reload, in  1.889 seconds
Platform modules already initialized, skipping
Refreshing native plugins compatible for Editor in 0.36 ms, found 0 plugins.
Preloading 0 native plugins for Editor in 0.00 ms.
Unloading 1110 Unused Serialized files (Serialized files now loaded: 0)
System memory in use before: 60.7 MB.
System memory in use after: 60.8 MB.

Unloading 5 unused Assets to reduce memory usage. Loaded Objects now: 1605.
Total: 5.081500 ms (FindLiveObjects: 0.439600 ms CreateObjectMapping: 0.081900 ms MarkObjects: 4.392200 ms  DeleteObjects: 0.166100 ms)

========================================================================
Received Import Request.
  Time since last request: 394.841970 seconds.
  path: Assets/Enemy.prefab
  artifactKey: Guid(73931b9e377064542974f098104651ff) Importer(815301076,1909f56bfc062723c751e8b465ee728b)
Start importing Assets/Enemy.prefab using Guid(73931b9e377064542974f098104651ff) Importer(815301076,1909f56bfc062723c751e8b465ee728b)  -> (artifact id: '51adfd3641e48fcc1cb90dff269425d9') in 0.183897 seconds
  Import took 0.189464 seconds .

========================================================================
Received Prepare
Registering precompiled user dll's ...
Registered in 0.000873 seconds.
Begin MonoManager ReloadAssembly
Native extension for WindowsStandalone target not found
Refreshing native plugins compatible for Editor in 0.38 ms, found 0 plugins.
Preloading 0 native plugins for Editor in 0.00 ms.
Invoked RoslynAnalysisRunner static constructor.
RoslynAnalysisRunner will not be running.
RoslynAnalysisRunner has terminated.
Mono: successfully reloaded assembly
- Completed reload, in  1.050 seconds
Platform modules already initialized, skipping
Refreshing native plugins compatible for Editor in 0.24 ms, found 0 plugins.
Preloading 0 native plugins for Editor in 0.00 ms.
Unloading 1110 Unused Serialized files (Serialized files now loaded: 0)
System memory in use before: 60.7 MB.
System memory in use after: 60.8 MB.

Unloading 6 unused Assets to reduce memory usage. Loaded Objects now: 1609.
Total: 3.526400 ms (FindLiveObjects: 0.397400 ms CreateObjectMapping: 0.120200 ms MarkObjects: 2.912900 ms  DeleteObjects: 0.093600 ms)

========================================================================
Received Prepare
Registering precompiled user dll's ...
Registered in 0.000907 seconds.
Begin MonoManager ReloadAssembly
Native extension for WindowsStandalone target not found
Refreshing native plugins compatible for Editor in 0.30 ms, found 0 plugins.
Preloading 0 native plugins for Editor in 0.00 ms.
Invoked RoslynAnalysisRunner static constructor.
RoslynAnalysisRunner will not be running.
RoslynAnalysisRunner has terminated.
Mono: successfully reloaded assembly
- Completed reload, in  1.061 seconds
Platform modules already initialized, skipping
Refreshing native plugins compatible for Editor in 0.24 ms, found 0 plugins.
Preloading 0 native plugins for Editor in 0.00 ms.
Unloading 1110 Unused Serialized files (Serialized files now loaded: 0)
System memory in use before: 60.7 MB.
System memory in use after: 60.8 MB.

Unloading 5 unused Assets to reduce memory usage. Loaded Objects now: 1612.
Total: 3.581800 ms (FindLiveObjects: 0.240700 ms CreateObjectMapping: 0.096700 ms MarkObjects: 3.137700 ms  DeleteObjects: 0.104800 ms)

========================================================================
Received Import Request.
  Time since last request: 109.106880 seconds.
  path: Assets/Enemy.cs
  artifactKey: Guid(979bf5306a0c8a24e94e1e9bcdb1799b) Importer(815301076,1909f56bfc062723c751e8b465ee728b)
Start importing Assets/Enemy.cs using Guid(979bf5306a0c8a24e94e1e9bcdb1799b) Importer(815301076,1909f56bfc062723c751e8b465ee728b)  -> (artifact id: '4f104a63de2994529124986a74644bd7') in 0.011177 seconds
  Import took 0.013804 seconds .

========================================================================
Received Import Request.
  Time since last request: 0.046634 seconds.
  path: Assets/Enemy.cs
  artifactKey: Guid(979bf5306a0c8a24e94e1e9bcdb1799b) Importer(815301076,1909f56bfc062723c751e8b465ee728b)
Start importing Assets/Enemy.cs using Guid(979bf5306a0c8a24e94e1e9bcdb1799b) Importer(815301076,1909f56bfc062723c751e8b465ee728b)  -> (artifact id: '4f104a63de2994529124986a74644bd7') in 0.007298 seconds
  Import took 0.012922 seconds .

========================================================================
Received Prepare
Registering precompiled user dll's ...
Registered in 0.000821 seconds.
Begin MonoManager ReloadAssembly
Native extension for WindowsStandalone target not found
Refreshing native plugins compatible for Editor in 0.69 ms, found 0 plugins.
Preloading 0 native plugins for Editor in 0.00 ms.
Invoked RoslynAnalysisRunner static constructor.
RoslynAnalysisRunner will not be running.
RoslynAnalysisRunner has terminated.
Mono: successfully reloaded assembly
- Completed reload, in  2.752 seconds
Platform modules already initialized, skipping
Refreshing native plugins compatible for Editor in 0.35 ms, found 0 plugins.
Preloading 0 native plugins for Editor in 0.00 ms.
Unloading 1111 Unused Serialized files (Serialized files now loaded: 0)
System memory in use before: 60.7 MB.
System memory in use after: 60.8 MB.

Unloading 5 unused Assets to reduce memory usage. Loaded Objects now: 1616.
Total: 4.240200 ms (FindLiveObjects: 0.425300 ms CreateObjectMapping: 0.107800 ms MarkObjects: 3.591000 ms  DeleteObjects: 0.113700 ms)

========================================================================
Received Import Request.
  Time since last request: 10.048370 seconds.
  path: Assets/Enemy.prefab
  artifactKey: Guid(73931b9e377064542974f098104651ff) Importer(815301076,1909f56bfc062723c751e8b465ee728b)
Start importing Assets/Enemy.prefab using Guid(73931b9e377064542974f098104651ff) Importer(815301076,1909f56bfc062723c751e8b465ee728b)  -> (artifact id: '16cc6598b97492f416239fee703a9d4c') in 0.169363 seconds
  Import took 0.175088 seconds .

========================================================================
Received Prepare
Registering precompiled user dll's ...
Registered in 0.000964 seconds.
Begin MonoManager ReloadAssembly
Native extension for WindowsStandalone target not found
Refreshing native plugins compatible for Editor in 0.97 ms, found 0 plugins.
Preloading 0 native plugins for Editor in 0.00 ms.
Invoked RoslynAnalysisRunner static constructor.
RoslynAnalysisRunner will not be running.
RoslynAnalysisRunner has terminated.
Mono: successfully reloaded assembly
- Completed reload, in  1.174 seconds
Platform modules already initialized, skipping
Refreshing native plugins compatible for Editor in 0.30 ms, found 0 plugins.
Preloading 0 native plugins for Editor in 0.00 ms.
Unloading 1111 Unused Serialized files (Serialized files now loaded: 0)
System memory in use before: 60.7 MB.
System memory in use after: 60.8 MB.

Unloading 6 unused Assets to reduce memory usage. Loaded Objects now: 1620.
Total: 2.696300 ms (FindLiveObjects: 0.275900 ms CreateObjectMapping: 0.060500 ms MarkObjects: 2.280700 ms  DeleteObjects: 0.077500 ms)

========================================================================
Received Import Request.
  Time since last request: 72.919515 seconds.
  path: Assets/Enemy.cs
  artifactKey: Guid(979bf5306a0c8a24e94e1e9bcdb1799b) Importer(815301076,1909f56bfc062723c751e8b465ee728b)
Start importing Assets/Enemy.cs using Guid(979bf5306a0c8a24e94e1e9bcdb1799b) Importer(815301076,1909f56bfc062723c751e8b465ee728b)  -> (artifact id: '2e29b86294ce9a457674905fa9fae74e') in 0.007072 seconds
  Import took 0.012200 seconds .

========================================================================
Received Prepare
Registering precompiled user dll's ...
Registered in 0.001085 seconds.
Begin MonoManager ReloadAssembly
Native extension for WindowsStandalone target not found
Refreshing native plugins compatible for Editor in 0.22 ms, found 0 plugins.
Preloading 0 native plugins for Editor in 0.00 ms.
Invoked RoslynAnalysisRunner static constructor.
RoslynAnalysisRunner will not be running.
RoslynAnalysisRunner has terminated.
Mono: successfully reloaded assembly
- Completed reload, in  1.134 seconds
Platform modules already initialized, skipping
Refreshing native plugins compatible for Editor in 0.28 ms, found 0 plugins.
Preloading 0 native plugins for Editor in 0.00 ms.
Unloading 1111 Unused Serialized files (Serialized files now loaded: 0)
System memory in use before: 60.7 MB.
System memory in use after: 60.8 MB.

Unloading 5 unused Assets to reduce memory usage. Loaded Objects now: 1623.
Total: 3.073900 ms (FindLiveObjects: 0.260600 ms CreateObjectMapping: 0.076900 ms MarkObjects: 2.643200 ms  DeleteObjects: 0.090800 ms)

========================================================================
Received Import Request.
  Time since last request: 165.593905 seconds.
  path: Assets/Scenes
  artifactKey: Guid(cab42f98c075c9e49bcacfa2a651a27d) Importer(815301076,1909f56bfc062723c751e8b465ee728b)
Start importing Assets/Scenes using Guid(cab42f98c075c9e49bcacfa2a651a27d) Importer(815301076,1909f56bfc062723c751e8b465ee728b)  -> (artifact id: 'f52bbfd07b4347ff43171293b34841b9') in 0.022401 seconds
  Import took 0.030482 seconds .

========================================================================
Received Import Request.
  Time since last request: 0.527451 seconds.
  path: Assets/Scenes/SampleScene.unity
  artifactKey: Guid(9fc0d4010bbf28b4594072e72b8655ab) Importer(815301076,1909f56bfc062723c751e8b465ee728b)
Start importing Assets/Scenes/SampleScene.unity using Guid(9fc0d4010bbf28b4594072e72b8655ab) Importer(815301076,1909f56bfc062723c751e8b465ee728b)  -> (artifact id: 'd9e9b21f1541faa67eb8336f9f7946d9') in 0.043622 seconds
  Import took 0.050028 seconds .

========================================================================
Received Import Request.
  Time since last request: 8.326339 seconds.
  path: Assets/Scenes/GamOver.unity
  artifactKey: Guid(fe6f861ced489ee47b560f92a7faa552) Importer(815301076,1909f56bfc062723c751e8b465ee728b)
Start importing Assets/Scenes/GamOver.unity using Guid(fe6f861ced489ee47b560f92a7faa552) Importer(815301076,1909f56bfc062723c751e8b465ee728b)  -> (artifact id: '870ba020a0d892bf13c2fa95d936400c') in 0.018687 seconds
  Import took 0.022381 seconds .

========================================================================
Received Prepare
Registering precompiled user dll's ...
Registered in 0.001022 seconds.
Begin MonoManager ReloadAssembly
Native extension for WindowsStandalone target not found
Refreshing native plugins compatible for Editor in 0.32 ms, found 0 plugins.
Preloading 0 native plugins for Editor in 0.00 ms.
Invoked RoslynAnalysisRunner static constructor.
RoslynAnalysisRunner will not be running.
RoslynAnalysisRunner has terminated.
Mono: successfully reloaded assembly
- Completed reload, in  1.063 seconds
Platform modules already initialized, skipping
Refreshing native plugins compatible for Editor in 0.23 ms, found 0 plugins.
Preloading 0 native plugins for Editor in 0.00 ms.
Unloading 1111 Unused Serialized files (Serialized files now loaded: 0)
System memory in use before: 60.7 MB.
System memory in use after: 60.8 MB.

Unloading 5 unused Assets to reduce memory usage. Loaded Objects now: 1626.
Total: 4.028400 ms (FindLiveObjects: 0.503600 ms CreateObjectMapping: 0.085200 ms MarkObjects: 3.283100 ms  DeleteObjects: 0.137800 ms)

========================================================================
Received Prepare
Registering precompiled user dll's ...
Registered in 0.001396 seconds.
Begin MonoManager ReloadAssembly
Native extension for WindowsStandalone target not found
Refreshing native plugins compatible for Editor in 0.68 ms, found 0 plugins.
Preloading 0 native plugins for Editor in 0.00 ms.
Invoked RoslynAnalysisRunner static constructor.
RoslynAnalysisRunner will not be running.
RoslynAnalysisRunner has terminated.
Mono: successfully reloaded assembly
- Completed reload, in  3.027 seconds
Platform modules already initialized, skipping
Refreshing native plugins compatible for Editor in 0.73 ms, found 0 plugins.
Preloading 0 native plugins for Editor in 0.00 ms.
Unloading 1111 Unused Serialized files (Serialized files now loaded: 0)
System memory in use before: 60.8 MB.
System memory in use after: 60.8 MB.

Unloading 5 unused Assets to reduce memory usage. Loaded Objects now: 1629.
Total: 3.520800 ms (FindLiveObjects: 0.309500 ms CreateObjectMapping: 0.118300 ms MarkObjects: 2.965300 ms  DeleteObjects: 0.126000 ms)

========================================================================
Received Import Request.
  Time since last request: 131.582298 seconds.
  path: Assets/Scenes/GameOver.unity
  artifactKey: Guid(fe6f861ced489ee47b560f92a7faa552) Importer(815301076,1909f56bfc062723c751e8b465ee728b)
Start importing Assets/Scenes/GameOver.unity using Guid(fe6f861ced489ee47b560f92a7faa552) Importer(815301076,1909f56bfc062723c751e8b465ee728b)  -> (artifact id: '3df83a30b758ca4fd3c669ed2cd64383') in 0.045501 seconds
  Import took 0.051534 seconds .

========================================================================
Received Import Request.
  Time since last request: 0.000540 seconds.
  path: Assets/Scenes/GameOver.unity
  artifactKey: Guid(fe6f861ced489ee47b560f92a7faa552) Importer(815301076,1909f56bfc062723c751e8b465ee728b)
Start importing Assets/Scenes/GameOver.unity using Guid(fe6f861ced489ee47b560f92a7faa552) Importer(815301076,1909f56bfc062723c751e8b465ee728b)  -> (artifact id: '3df83a30b758ca4fd3c669ed2cd64383') in 0.006435 seconds
  Import took 0.009765 seconds .

========================================================================
Received Prepare
Registering precompiled user dll's ...
Registered in 0.001159 seconds.
Begin MonoManager ReloadAssembly
Native extension for WindowsStandalone target not found
Refreshing native plugins compatible for Editor in 0.25 ms, found 0 plugins.
Preloading 0 native plugins for Editor in 0.00 ms.
Invoked RoslynAnalysisRunner static constructor.
RoslynAnalysisRunner will not be running.
RoslynAnalysisRunner has terminated.
Mono: successfully reloaded assembly
- Completed reload, in  1.109 seconds
Platform modules already initialized, skipping
Refreshing native plugins compatible for Editor in 0.22 ms, found 0 plugins.
Preloading 0 native plugins for Editor in 0.00 ms.
Unloading 1111 Unused Serialized files (Serialized files now loaded: 0)
System memory in use before: 60.8 MB.
System memory in use after: 60.8 MB.

Unloading 5 unused Assets to reduce memory usage. Loaded Objects now: 1632.
Total: 4.473100 ms (FindLiveObjects: 0.240200 ms CreateObjectMapping: 0.077600 ms MarkObjects: 4.086500 ms  DeleteObjects: 0.066600 ms)

========================================================================
Received Prepare
Registering precompiled user dll's ...
Registered in 0.001319 seconds.
Begin MonoManager ReloadAssembly
Native extension for WindowsStandalone target not found
Refreshing native plugins compatible for Editor in 0.30 ms, found 0 plugins.
Preloading 0 native plugins for Editor in 0.00 ms.
Invoked RoslynAnalysisRunner static constructor.
RoslynAnalysisRunner will not be running.
RoslynAnalysisRunner has terminated.
Mono: successfully reloaded assembly
- Completed reload, in  2.924 seconds
Platform modules already initialized, skipping
Refreshing native plugins compatible for Editor in 0.48 ms, found 0 plugins.
Preloading 0 native plugins for Editor in 0.00 ms.
Unloading 1111 Unused Serialized files (Serialized files now loaded: 0)
System memory in use before: 60.8 MB.
System memory in use after: 60.8 MB.

Unloading 5 unused Assets to reduce memory usage. Loaded Objects now: 1635.
Total: 3.006500 ms (FindLiveObjects: 0.251500 ms CreateObjectMapping: 0.070900 ms MarkObjects: 2.556800 ms  DeleteObjects: 0.126000 ms)

========================================================================
Received Prepare
Registering precompiled user dll's ...
Registered in 0.002069 seconds.
Begin MonoManager ReloadAssembly
Native extension for WindowsStandalone target not found
Refreshing native plugins compatible for Editor in 0.24 ms, found 0 plugins.
Preloading 0 native plugins for Editor in 0.00 ms.
Invoked RoslynAnalysisRunner static constructor.
RoslynAnalysisRunner will not be running.
RoslynAnalysisRunner has terminated.
Mono: successfully reloaded assembly
- Completed reload, in  1.132 seconds
Platform modules already initialized, skipping
Refreshing native plugins compatible for Editor in 0.26 ms, found 0 plugins.
Preloading 0 native plugins for Editor in 0.00 ms.
Unloading 1111 Unused Serialized files (Serialized files now loaded: 0)
System memory in use before: 60.8 MB.
System memory in use after: 60.9 MB.

Unloading 5 unused Assets to reduce memory usage. Loaded Objects now: 1638.
Total: 2.424000 ms (FindLiveObjects: 0.192300 ms CreateObjectMapping: 0.050200 ms MarkObjects: 2.082300 ms  DeleteObjects: 0.095700 ms)

========================================================================
Received Prepare
Registering precompiled user dll's ...
Registered in 0.000762 seconds.
Begin MonoManager ReloadAssembly
Native extension for WindowsStandalone target not found
Refreshing native plugins compatible for Editor in 0.24 ms, found 0 plugins.
Preloading 0 native plugins for Editor in 0.00 ms.
Invoked RoslynAnalysisRunner static constructor.
RoslynAnalysisRunner will not be running.
RoslynAnalysisRunner has terminated.
Mono: successfully reloaded assembly
- Completed reload, in  1.084 seconds
Platform modules already initialized, skipping
Refreshing native plugins compatible for Editor in 0.43 ms, found 0 plugins.
Preloading 0 native plugins for Editor in 0.00 ms.
Unloading 1111 Unused Serialized files (Serialized files now loaded: 0)
System memory in use before: 60.8 MB.
System memory in use after: 60.9 MB.

Unloading 5 unused Assets to reduce memory usage. Loaded Objects now: 1641.
Total: 3.847900 ms (FindLiveObjects: 0.504900 ms CreateObjectMapping: 0.173800 ms MarkObjects: 3.059300 ms  DeleteObjects: 0.108000 ms)

========================================================================
Received Prepare
Registering precompiled user dll's ...
Registered in 0.000984 seconds.
Begin MonoManager ReloadAssembly
Native extension for WindowsStandalone target not found
Refreshing native plugins compatible for Editor in 0.30 ms, found 0 plugins.
Preloading 0 native plugins for Editor in 0.00 ms.
Invoked RoslynAnalysisRunner static constructor.
RoslynAnalysisRunner will not be running.
RoslynAnalysisRunner has terminated.
Mono: successfully reloaded assembly
- Completed reload, in  1.142 seconds
Platform modules already initialized, skipping
Refreshing native plugins compatible for Editor in 0.27 ms, found 0 plugins.
Preloading 0 native plugins for Editor in 0.00 ms.
Unloading 1111 Unused Serialized files (Serialized files now loaded: 0)
System memory in use before: 60.8 MB.
System memory in use after: 60.9 MB.

Unloading 5 unused Assets to reduce memory usage. Loaded Objects now: 1644.
Total: 4.578200 ms (FindLiveObjects: 0.505600 ms CreateObjectMapping: 0.065600 ms MarkObjects: 3.903100 ms  DeleteObjects: 0.101800 ms)

========================================================================
Received Prepare
Registering precompiled user dll's ...
Registered in 0.000991 seconds.
Begin MonoManager ReloadAssembly
Native extension for WindowsStandalone target not found
Refreshing native plugins compatible for Editor in 0.38 ms, found 0 plugins.
Preloading 0 native plugins for Editor in 0.00 ms.
Invoked RoslynAnalysisRunner static constructor.
RoslynAnalysisRunner will not be running.
RoslynAnalysisRunner has terminated.
Mono: successfully reloaded assembly
- Completed reload, in  1.301 seconds
Platform modules already initialized, skipping
Refreshing native plugins compatible for Editor in 0.39 ms, found 0 plugins.
Preloading 0 native plugins for Editor in 0.00 ms.
Unloading 1111 Unused Serialized files (Serialized files now loaded: 0)
System memory in use before: 60.8 MB.
System memory in use after: 60.9 MB.

Unloading 5 unused Assets to reduce memory usage. Loaded Objects now: 1647.
Total: 3.587900 ms (FindLiveObjects: 0.220900 ms CreateObjectMapping: 0.063600 ms MarkObjects: 3.181700 ms  DeleteObjects: 0.119400 ms)

========================================================================
Received Import Request.
  Time since last request: 406.178190 seconds.
  path: Assets/Scenes/Camera.cs
  artifactKey: Guid(af61bfd1c46f59e44af1da7773843fcb) Importer(815301076,1909f56bfc062723c751e8b465ee728b)
Start importing Assets/Scenes/Camera.cs using Guid(af61bfd1c46f59e44af1da7773843fcb) Importer(815301076,1909f56bfc062723c751e8b465ee728b)  -> (artifact id: '602096475159ac91871e89827aac5222') in 0.018508 seconds
  Import took 0.022614 seconds .

========================================================================
Received Prepare
Registering precompiled user dll's ...
Registered in 0.000961 seconds.
Begin MonoManager ReloadAssembly
Native extension for WindowsStandalone target not found
Refreshing native plugins compatible for Editor in 0.41 ms, found 0 plugins.
Preloading 0 native plugins for Editor in 0.00 ms.
Invoked RoslynAnalysisRunner static constructor.
RoslynAnalysisRunner will not be running.
RoslynAnalysisRunner has terminated.
Mono: successfully reloaded assembly
- Completed reload, in  2.674 seconds
Platform modules already initialized, skipping
Refreshing native plugins compatible for Editor in 0.39 ms, found 0 plugins.
Preloading 0 native plugins for Editor in 0.00 ms.
Unloading 1112 Unused Serialized files (Serialized files now loaded: 0)
System memory in use before: 60.8 MB.
System memory in use after: 60.9 MB.

Unloading 5 unused Assets to reduce memory usage. Loaded Objects now: 1651.
Total: 3.373800 ms (FindLiveObjects: 0.307100 ms CreateObjectMapping: 0.068300 ms MarkObjects: 2.816100 ms  DeleteObjects: 0.180300 ms)

========================================================================
Received Prepare
Registering precompiled user dll's ...
Registered in 0.001030 seconds.
Begin MonoManager ReloadAssembly
Native extension for WindowsStandalone target not found
Refreshing native plugins compatible for Editor in 0.62 ms, found 0 plugins.
Preloading 0 native plugins for Editor in 0.00 ms.
Invoked RoslynAnalysisRunner static constructor.
RoslynAnalysisRunner will not be running.
RoslynAnalysisRunner has terminated.
Mono: successfully reloaded assembly
- Completed reload, in  2.272 seconds
Platform modules already initialized, skipping
Refreshing native plugins compatible for Editor in 0.73 ms, found 0 plugins.
Preloading 0 native plugins for Editor in 0.00 ms.
Unloading 1111 Unused Serialized files (Serialized files now loaded: 0)
System memory in use before: 60.8 MB.
System memory in use after: 60.9 MB.

Unloading 6 unused Assets to reduce memory usage. Loaded Objects now: 1653.
Total: 4.358100 ms (FindLiveObjects: 0.355400 ms CreateObjectMapping: 0.185400 ms MarkObjects: 3.685600 ms  DeleteObjects: 0.129600 ms)

========================================================================
Received Import Request.
  Time since last request: 19.989555 seconds.
  path: Assets/Scenes/GameOverCamera.cs
  artifactKey: Guid(430fb1a1e2656db45ab88d7c5526ac18) Importer(815301076,1909f56bfc062723c751e8b465ee728b)
Start importing Assets/Scenes/GameOverCamera.cs using Guid(430fb1a1e2656db45ab88d7c5526ac18) Importer(815301076,1909f56bfc062723c751e8b465ee728b)  -> (artifact id: '578759f7fa1ac96de79de9db4b269b3c') in 0.017167 seconds
  Import took 0.022264 seconds .

========================================================================
Received Import Request.
  Time since last request: 0.037794 seconds.
  path: Assets/Scenes/GameOverCamera.cs
  artifactKey: Guid(430fb1a1e2656db45ab88d7c5526ac18) Importer(815301076,1909f56bfc062723c751e8b465ee728b)
Start importing Assets/Scenes/GameOverCamera.cs using Guid(430fb1a1e2656db45ab88d7c5526ac18) Importer(815301076,1909f56bfc062723c751e8b465ee728b)  -> (artifact id: '578759f7fa1ac96de79de9db4b269b3c') in 0.005955 seconds
  Import took 0.009820 seconds .

========================================================================
Received Prepare
Registering precompiled user dll's ...
Registered in 0.001280 seconds.
Begin MonoManager ReloadAssembly
Native extension for WindowsStandalone target not found
Refreshing native plugins compatible for Editor in 0.39 ms, found 0 plugins.
Preloading 0 native plugins for Editor in 0.00 ms.
Invoked RoslynAnalysisRunner static constructor.
RoslynAnalysisRunner will not be running.
RoslynAnalysisRunner has terminated.
Mono: successfully reloaded assembly
- Completed reload, in  1.261 seconds
Platform modules already initialized, skipping
Refreshing native plugins compatible for Editor in 0.21 ms, found 0 plugins.
Preloading 0 native plugins for Editor in 0.00 ms.
Unloading 1112 Unused Serialized files (Serialized files now loaded: 0)
System memory in use before: 60.8 MB.
System memory in use after: 60.9 MB.

Unloading 5 unused Assets to reduce memory usage. Loaded Objects now: 1657.
Total: 4.687000 ms (FindLiveObjects: 0.342700 ms CreateObjectMapping: 0.107900 ms MarkObjects: 4.131400 ms  DeleteObjects: 0.102500 ms)

========================================================================
Received Prepare
Registering precompiled user dll's ...
Registered in 0.001256 seconds.
Begin MonoManager ReloadAssembly
Native extension for WindowsStandalone target not found
Refreshing native plugins compatible for Editor in 0.47 ms, found 0 plugins.
Preloading 0 native plugins for Editor in 0.00 ms.
Invoked RoslynAnalysisRunner static constructor.
RoslynAnalysisRunner will not be running.
RoslynAnalysisRunner has terminated.
Mono: successfully reloaded assembly
- Completed reload, in  1.163 seconds
Platform modules already initialized, skipping
Refreshing native plugins compatible for Editor in 0.24 ms, found 0 plugins.
Preloading 0 native plugins for Editor in 0.00 ms.
Unloading 1112 Unused Serialized files (Serialized files now loaded: 0)
System memory in use before: 60.8 MB.
System memory in use after: 60.9 MB.

Unloading 5 unused Assets to reduce memory usage. Loaded Objects now: 1660.
Total: 3.708700 ms (FindLiveObjects: 0.569900 ms CreateObjectMapping: 0.144300 ms MarkObjects: 2.894500 ms  DeleteObjects: 0.097400 ms)

========================================================================
Received Import Request.
  Time since last request: 287.581593 seconds.
  path: Assets/Scenes/GameOverCamera.cs
  artifactKey: Guid(430fb1a1e2656db45ab88d7c5526ac18) Importer(815301076,1909f56bfc062723c751e8b465ee728b)
Start importing Assets/Scenes/GameOverCamera.cs using Guid(430fb1a1e2656db45ab88d7c5526ac18) Importer(815301076,1909f56bfc062723c751e8b465ee728b)  -> (artifact id: '9c100e18550109d52e63c68e949b6c1d') in 0.007572 seconds
  Import took 0.011093 seconds .

========================================================================
Received Import Request.
  Time since last request: 14.920458 seconds.
  path: Assets/Scenes/GameOver.unity
  artifactKey: Guid(fe6f861ced489ee47b560f92a7faa552) Importer(815301076,1909f56bfc062723c751e8b465ee728b)
Start importing Assets/Scenes/GameOver.unity using Guid(fe6f861ced489ee47b560f92a7faa552) Importer(815301076,1909f56bfc062723c751e8b465ee728b)  -> (artifact id: 'c878f68da9982e65a7308686bb494f48') in 0.019758 seconds
  Import took 0.024135 seconds .

========================================================================
Received Import Request.
  Time since last request: 4.857736 seconds.
  path: Assets/Scenes/GameOver.unity
  artifactKey: Guid(fe6f861ced489ee47b560f92a7faa552) Importer(815301076,1909f56bfc062723c751e8b465ee728b)
Start importing Assets/Scenes/GameOver.unity using Guid(fe6f861ced489ee47b560f92a7faa552) Importer(815301076,1909f56bfc062723c751e8b465ee728b)  -> (artifact id: '1a3b65b37a98460618306d1a17e48123') in 0.007266 seconds
  Import took 0.012458 seconds .

========================================================================
Received Import Request.
  Time since last request: 0.001223 seconds.
  path: Assets/Scenes/GameOver.unity
  artifactKey: Guid(fe6f861ced489ee47b560f92a7faa552) Importer(815301076,1909f56bfc062723c751e8b465ee728b)
Start importing Assets/Scenes/GameOver.unity using Guid(fe6f861ced489ee47b560f92a7faa552) Importer(815301076,1909f56bfc062723c751e8b465ee728b)  -> (artifact id: '1a3b65b37a98460618306d1a17e48123') in 0.007959 seconds
  Import took 0.011905 seconds .

========================================================================
Received Prepare
Registering precompiled user dll's ...
Registered in 0.000882 seconds.
Begin MonoManager ReloadAssembly
Native extension for WindowsStandalone target not found
Refreshing native plugins compatible for Editor in 0.49 ms, found 0 plugins.
Preloading 0 native plugins for Editor in 0.00 ms.
Invoked RoslynAnalysisRunner static constructor.
RoslynAnalysisRunner will not be running.
RoslynAnalysisRunner has terminated.
Mono: successfully reloaded assembly
- Completed reload, in  1.418 seconds
Platform modules already initialized, skipping
Refreshing native plugins compatible for Editor in 0.26 ms, found 0 plugins.
Preloading 0 native plugins for Editor in 0.00 ms.
Unloading 1112 Unused Serialized files (Serialized files now loaded: 0)
System memory in use before: 60.9 MB.
System memory in use after: 60.9 MB.

Unloading 5 unused Assets to reduce memory usage. Loaded Objects now: 1663.
Total: 3.102700 ms (FindLiveObjects: 0.203600 ms CreateObjectMapping: 0.087700 ms MarkObjects: 2.730200 ms  DeleteObjects: 0.079300 ms)

========================================================================
Received Import Request.
  Time since last request: 47.897342 seconds.
  path: Assets/Scenes/GameOver.unity
  artifactKey: Guid(fe6f861ced489ee47b560f92a7faa552) Importer(815301076,1909f56bfc062723c751e8b465ee728b)
Start importing Assets/Scenes/GameOver.unity using Guid(fe6f861ced489ee47b560f92a7faa552) Importer(815301076,1909f56bfc062723c751e8b465ee728b)  -> (artifact id: '0e97fbdc5285fd15df2a007b1d623e53') in 0.024245 seconds
  Import took 0.029734 seconds .

========================================================================
Received Prepare
Registering precompiled user dll's ...
Registered in 0.001003 seconds.
Begin MonoManager ReloadAssembly
Native extension for WindowsStandalone target not found
Refreshing native plugins compatible for Editor in 0.62 ms, found 0 plugins.
Preloading 0 native plugins for Editor in 0.00 ms.
Invoked RoslynAnalysisRunner static constructor.
RoslynAnalysisRunner will not be running.
RoslynAnalysisRunner has terminated.
Mono: successfully reloaded assembly
- Completed reload, in  2.356 seconds
Platform modules already initialized, skipping
Refreshing native plugins compatible for Editor in 0.36 ms, found 0 plugins.
Preloading 0 native plugins for Editor in 0.00 ms.
Unloading 1112 Unused Serialized files (Serialized files now loaded: 0)
System memory in use before: 60.9 MB.
System memory in use after: 60.9 MB.

Unloading 5 unused Assets to reduce memory usage. Loaded Objects now: 1666.
Total: 3.373000 ms (FindLiveObjects: 0.376100 ms CreateObjectMapping: 0.141100 ms MarkObjects: 2.737400 ms  DeleteObjects: 0.116100 ms)

========================================================================
Received Prepare
Registering precompiled user dll's ...
Registered in 0.001627 seconds.
Begin MonoManager ReloadAssembly
Native extension for WindowsStandalone target not found
Refreshing native plugins compatible for Editor in 0.25 ms, found 0 plugins.
Preloading 0 native plugins for Editor in 0.00 ms.
Invoked RoslynAnalysisRunner static constructor.
RoslynAnalysisRunner will not be running.
RoslynAnalysisRunner has terminated.
Mono: successfully reloaded assembly
- Completed reload, in  1.060 seconds
Platform modules already initialized, skipping
Refreshing native plugins compatible for Editor in 0.31 ms, found 0 plugins.
Preloading 0 native plugins for Editor in 0.00 ms.
Unloading 1112 Unused Serialized files (Serialized files now loaded: 0)
System memory in use before: 60.9 MB.
System memory in use after: 60.9 MB.

Unloading 5 unused Assets to reduce memory usage. Loaded Objects now: 1669.
Total: 2.537000 ms (FindLiveObjects: 0.216600 ms CreateObjectMapping: 0.055300 ms MarkObjects: 2.153900 ms  DeleteObjects: 0.109600 ms)

AssetImportWorkerClient::OnTransportError - code=2 error=End of file
